{"desiredCapabilities":{"browserName":"chrome"},"waitforTimeout":30000,"level":"info","message":"","timestamp":"2018-04-26T15:52:38.893Z"}
{"level":"debug","message":"Page loaded:","timestamp":"2018-04-26T15:52:47.168Z"}
{"level":"debug","message":"Amazon.in","timestamp":"2018-04-26T15:52:47.207Z"}
{"StackTrace":"AssertionError: expected 'Amazon India' to equal 'Amazon.in'\n    at Object.<anonymous> (tests\\google.search.step.js:42:25)\n    at Object.exec (D:\\TCOE\\TCOE Practice\\TCoE-Automation-Workspace\\Agnes\\node_modules\\webdriverio\\build\\lib\\helpers\\safeExecute.js:28:24)\n    at Object.resolve (D:\\TCOE\\TCOE Practice\\TCoE-Automation-Workspace\\Agnes\\node_modules\\webdriverio\\build\\lib\\webdriverio.js:191:29)\n    at D:\\TCOE\\TCOE Practice\\TCoE-Automation-Workspace\\Agnes\\node_modules\\webdriverio\\build\\lib\\webdriverio.js:540:32\n    at _fulfilled (D:\\TCOE\\TCOE Practice\\TCoE-Automation-Workspace\\Agnes\\node_modules\\q\\q.js:854:54)\n    at self.promiseDispatch.done (D:\\TCOE\\TCOE Practice\\TCoE-Automation-Workspace\\Agnes\\node_modules\\q\\q.js:883:30)\n    at Promise.promise.promiseDispatch (D:\\TCOE\\TCOE Practice\\TCoE-Automation-Workspace\\Agnes\\node_modules\\q\\q.js:816:13)\n    at D:\\TCOE\\TCOE Practice\\TCoE-Automation-Workspace\\Agnes\\node_modules\\q\\q.js:624:44\n    at runSingle (D:\\TCOE\\TCOE Practice\\TCoE-Automation-Workspace\\Agnes\\node_modules\\q\\q.js:137:13)\n    at flush (D:\\TCOE\\TCOE Practice\\TCoE-Automation-Workspace\\Agnes\\node_modules\\q\\q.js:125:13)","level":"error","message":"Failed due to AssertionError: expected 'Amazon India' to equal 'Amazon.in'","timestamp":"2018-04-26T15:52:47.209Z"}
{"desiredCapabilities":{"browserName":"chrome"},"waitforTimeout":30000,"level":"info","message":"","timestamp":"2018-04-26T15:52:47.286Z"}
{"level":"debug","message":"Page loaded:","timestamp":"2018-04-26T15:52:54.950Z"}
{"StackTrace":"Error: An element could not be located on the page using the given search parameters (\"h3.r a\").\n    at getText() - D:\\TCOE\\TCOE Practice\\TCoE-Automation-Workspace\\Agnes\\ui_page_objects\\googlehome.page.js:61:34","level":"error","message":"Failed due to Error: An element could not be located on the page using the given search parameters (\"h3.r a\").","timestamp":"2018-04-26T15:52:55.006Z"}
{"desiredCapabilities":{"browserName":"chrome"},"waitforTimeout":30000,"level":"info","message":"","timestamp":"2018-04-26T15:58:18.969Z"}
{"level":"debug","message":"Page loaded:","timestamp":"2018-04-26T15:58:26.295Z"}
{"level":"debug","message":"Amazon.in","timestamp":"2018-04-26T15:58:26.347Z"}
{"StackTrace":"AssertionError: expected 'Amazon India' to equal 'Amazon.in'\n    at Object.<anonymous> (tests\\google.search.step.js:42:25)\n    at Object.exec (D:\\TCOE\\TCOE Practice\\TCoE-Automation-Workspace\\Agnes\\node_modules\\webdriverio\\build\\lib\\helpers\\safeExecute.js:28:24)\n    at Object.resolve (D:\\TCOE\\TCOE Practice\\TCoE-Automation-Workspace\\Agnes\\node_modules\\webdriverio\\build\\lib\\webdriverio.js:191:29)\n    at D:\\TCOE\\TCOE Practice\\TCoE-Automation-Workspace\\Agnes\\node_modules\\webdriverio\\build\\lib\\webdriverio.js:540:32\n    at _fulfilled (D:\\TCOE\\TCOE Practice\\TCoE-Automation-Workspace\\Agnes\\node_modules\\q\\q.js:854:54)\n    at self.promiseDispatch.done (D:\\TCOE\\TCOE Practice\\TCoE-Automation-Workspace\\Agnes\\node_modules\\q\\q.js:883:30)\n    at Promise.promise.promiseDispatch (D:\\TCOE\\TCOE Practice\\TCoE-Automation-Workspace\\Agnes\\node_modules\\q\\q.js:816:13)\n    at D:\\TCOE\\TCOE Practice\\TCoE-Automation-Workspace\\Agnes\\node_modules\\q\\q.js:624:44\n    at runSingle (D:\\TCOE\\TCOE Practice\\TCoE-Automation-Workspace\\Agnes\\node_modules\\q\\q.js:137:13)\n    at flush (D:\\TCOE\\TCOE Practice\\TCoE-Automation-Workspace\\Agnes\\node_modules\\q\\q.js:125:13)","level":"error","message":"Failed due to AssertionError: expected 'Amazon India' to equal 'Amazon.in'","timestamp":"2018-04-26T15:58:26.351Z"}
{"desiredCapabilities":{"browserName":"chrome"},"waitforTimeout":30000,"level":"info","message":"","timestamp":"2018-04-26T15:58:26.439Z"}
{"level":"debug","message":"Page loaded:","timestamp":"2018-04-26T15:58:33.223Z"}
{"StackTrace":"Error: An element could not be located on the page using the given search parameters (\"h3.r a\").\n    at getText() - D:\\TCOE\\TCOE Practice\\TCoE-Automation-Workspace\\Agnes\\ui_page_objects\\googlehome.page.js:61:34","level":"error","message":"Failed due to Error: An element could not be located on the page using the given search parameters (\"h3.r a\").","timestamp":"2018-04-26T15:58:33.282Z"}
{"desiredCapabilities":{"browserName":"chrome"},"waitforTimeout":30000,"level":"info","message":"","timestamp":"2018-04-26T15:59:53.888Z"}
{"level":"debug","message":"Page loaded:","timestamp":"2018-04-26T16:00:02.091Z"}
{"level":"debug","message":"Amazon.in","timestamp":"2018-04-26T16:00:02.186Z"}
{"StackTrace":"AssertionError: expected 'Amazon India' to equal 'Amazon.in'\n    at Object.<anonymous> (tests\\google.search.step.js:42:25)\n    at Object.exec (D:\\TCOE\\TCOE Practice\\TCoE-Automation-Workspace\\Agnes\\node_modules\\webdriverio\\build\\lib\\helpers\\safeExecute.js:28:24)\n    at Object.resolve (D:\\TCOE\\TCOE Practice\\TCoE-Automation-Workspace\\Agnes\\node_modules\\webdriverio\\build\\lib\\webdriverio.js:191:29)\n    at D:\\TCOE\\TCOE Practice\\TCoE-Automation-Workspace\\Agnes\\node_modules\\webdriverio\\build\\lib\\webdriverio.js:540:32\n    at _fulfilled (D:\\TCOE\\TCOE Practice\\TCoE-Automation-Workspace\\Agnes\\node_modules\\q\\q.js:854:54)\n    at self.promiseDispatch.done (D:\\TCOE\\TCOE Practice\\TCoE-Automation-Workspace\\Agnes\\node_modules\\q\\q.js:883:30)\n    at Promise.promise.promiseDispatch (D:\\TCOE\\TCOE Practice\\TCoE-Automation-Workspace\\Agnes\\node_modules\\q\\q.js:816:13)\n    at D:\\TCOE\\TCOE Practice\\TCoE-Automation-Workspace\\Agnes\\node_modules\\q\\q.js:624:44\n    at runSingle (D:\\TCOE\\TCOE Practice\\TCoE-Automation-Workspace\\Agnes\\node_modules\\q\\q.js:137:13)\n    at flush (D:\\TCOE\\TCOE Practice\\TCoE-Automation-Workspace\\Agnes\\node_modules\\q\\q.js:125:13)","level":"error","message":"Failed due to AssertionError: expected 'Amazon India' to equal 'Amazon.in'","timestamp":"2018-04-26T16:00:02.191Z"}
{"desiredCapabilities":{"browserName":"chrome"},"waitforTimeout":30000,"level":"info","message":"","timestamp":"2018-04-26T16:00:02.320Z"}
{"level":"debug","message":"Page loaded:","timestamp":"2018-04-26T16:00:14.850Z"}
{"StackTrace":"Error: An element could not be located on the page using the given search parameters (\"h3.r a\").\n    at getText() - D:\\TCOE\\TCOE Practice\\TCoE-Automation-Workspace\\Agnes\\ui_page_objects\\googlehome.page.js:61:34","level":"error","message":"Failed due to Error: An element could not be located on the page using the given search parameters (\"h3.r a\").","timestamp":"2018-04-26T16:00:14.902Z"}
{"desiredCapabilities":{"browserName":"chrome"},"waitforTimeout":30000,"level":"info","message":"","timestamp":"2018-04-26T16:15:34.728Z"}
{"level":"debug","message":"Page loaded:","timestamp":"2018-04-26T16:15:45.780Z"}
{"level":"debug","message":"Amazon.in","timestamp":"2018-04-26T16:15:45.847Z"}
{"StackTrace":"AssertionError: expected 'Amazon India' to equal 'Amazon.in'\n    at Object.<anonymous> (tests\\google.search.step.js:42:25)\n    at Object.exec (D:\\TCOE\\TCOE Practice\\TCoE-Automation-Workspace\\Agnes\\node_modules\\webdriverio\\build\\lib\\helpers\\safeExecute.js:28:24)\n    at Object.resolve (D:\\TCOE\\TCOE Practice\\TCoE-Automation-Workspace\\Agnes\\node_modules\\webdriverio\\build\\lib\\webdriverio.js:191:29)\n    at D:\\TCOE\\TCOE Practice\\TCoE-Automation-Workspace\\Agnes\\node_modules\\webdriverio\\build\\lib\\webdriverio.js:540:32\n    at _fulfilled (D:\\TCOE\\TCOE Practice\\TCoE-Automation-Workspace\\Agnes\\node_modules\\q\\q.js:854:54)\n    at self.promiseDispatch.done (D:\\TCOE\\TCOE Practice\\TCoE-Automation-Workspace\\Agnes\\node_modules\\q\\q.js:883:30)\n    at Promise.promise.promiseDispatch (D:\\TCOE\\TCOE Practice\\TCoE-Automation-Workspace\\Agnes\\node_modules\\q\\q.js:816:13)\n    at D:\\TCOE\\TCOE Practice\\TCoE-Automation-Workspace\\Agnes\\node_modules\\q\\q.js:624:44\n    at runSingle (D:\\TCOE\\TCOE Practice\\TCoE-Automation-Workspace\\Agnes\\node_modules\\q\\q.js:137:13)\n    at flush (D:\\TCOE\\TCOE Practice\\TCoE-Automation-Workspace\\Agnes\\node_modules\\q\\q.js:125:13)","level":"error","message":"Failed due to AssertionError: expected 'Amazon India' to equal 'Amazon.in'","timestamp":"2018-04-26T16:15:45.852Z"}
{"desiredCapabilities":{"browserName":"chrome"},"waitforTimeout":30000,"level":"info","message":"","timestamp":"2018-04-26T16:15:45.971Z"}
{"level":"debug","message":"Page loaded:","timestamp":"2018-04-26T16:15:53.045Z"}
{"StackTrace":"Error: An element could not be located on the page using the given search parameters (\"h3.r a\").\n    at getText() - D:\\TCOE\\TCOE Practice\\TCoE-Automation-Workspace\\Agnes\\ui_page_objects\\googlehome.page.js:61:34","level":"error","message":"Failed due to Error: An element could not be located on the page using the given search parameters (\"h3.r a\").","timestamp":"2018-04-26T16:15:53.111Z"}
{"desiredCapabilities":{"browserName":"chrome"},"waitforTimeout":30000,"level":"info","message":"","timestamp":"2018-04-26T16:17:34.806Z"}
{"level":"debug","message":"Page loaded:","timestamp":"2018-04-26T16:17:42.368Z"}
{"level":"debug","message":"Amazon.in","timestamp":"2018-04-26T16:17:42.451Z"}
{"StackTrace":"AssertionError: expected 'Amazon India' to equal 'Amazon.in'\n    at Object.<anonymous> (tests\\google.search.step.js:42:25)\n    at Object.exec (D:\\TCOE\\TCOE Practice\\TCoE-Automation-Workspace\\Agnes\\node_modules\\webdriverio\\build\\lib\\helpers\\safeExecute.js:28:24)\n    at Object.resolve (D:\\TCOE\\TCOE Practice\\TCoE-Automation-Workspace\\Agnes\\node_modules\\webdriverio\\build\\lib\\webdriverio.js:191:29)\n    at D:\\TCOE\\TCOE Practice\\TCoE-Automation-Workspace\\Agnes\\node_modules\\webdriverio\\build\\lib\\webdriverio.js:540:32\n    at _fulfilled (D:\\TCOE\\TCOE Practice\\TCoE-Automation-Workspace\\Agnes\\node_modules\\q\\q.js:854:54)\n    at self.promiseDispatch.done (D:\\TCOE\\TCOE Practice\\TCoE-Automation-Workspace\\Agnes\\node_modules\\q\\q.js:883:30)\n    at Promise.promise.promiseDispatch (D:\\TCOE\\TCOE Practice\\TCoE-Automation-Workspace\\Agnes\\node_modules\\q\\q.js:816:13)\n    at D:\\TCOE\\TCOE Practice\\TCoE-Automation-Workspace\\Agnes\\node_modules\\q\\q.js:624:44\n    at runSingle (D:\\TCOE\\TCOE Practice\\TCoE-Automation-Workspace\\Agnes\\node_modules\\q\\q.js:137:13)\n    at flush (D:\\TCOE\\TCOE Practice\\TCoE-Automation-Workspace\\Agnes\\node_modules\\q\\q.js:125:13)","level":"error","message":"Failed due to AssertionError: expected 'Amazon India' to equal 'Amazon.in'","timestamp":"2018-04-26T16:17:42.457Z"}
{"desiredCapabilities":{"browserName":"chrome"},"waitforTimeout":30000,"level":"info","message":"","timestamp":"2018-04-26T16:17:42.601Z"}
{"level":"debug","message":"Page loaded:","timestamp":"2018-04-26T16:17:49.680Z"}
{"StackTrace":"Error: An element could not be located on the page using the given search parameters (\"h3.r a\").\n    at getText() - D:\\TCOE\\TCOE Practice\\TCoE-Automation-Workspace\\Agnes\\ui_page_objects\\googlehome.page.js:61:34","level":"error","message":"Failed due to Error: An element could not be located on the page using the given search parameters (\"h3.r a\").","timestamp":"2018-04-26T16:17:49.705Z"}
{"desiredCapabilities":{"browserName":"chrome"},"waitforTimeout":30000,"level":"info","message":"","timestamp":"2018-04-26T16:18:55.548Z"}
{"level":"debug","message":"Page loaded:","timestamp":"2018-04-26T16:19:03.958Z"}
{"level":"debug","message":"Amazon.in","timestamp":"2018-04-26T16:19:04.027Z"}
{"desiredCapabilities":{"browserName":"chrome"},"waitforTimeout":30000,"level":"info","message":"","timestamp":"2018-04-26T16:19:04.119Z"}
{"level":"debug","message":"Page loaded:","timestamp":"2018-04-26T16:19:11.449Z"}
{"StackTrace":"Error: An element could not be located on the page using the given search parameters (\"h3.r a\").\n    at getText() - D:\\TCOE\\TCOE Practice\\TCoE-Automation-Workspace\\Agnes\\ui_page_objects\\googlehome.page.js:61:34","level":"error","message":"Failed due to Error: An element could not be located on the page using the given search parameters (\"h3.r a\").","timestamp":"2018-04-26T16:19:11.514Z"}
{"level":"info","message":"Setting RestClient constructor","timestamp":"2018-04-26T16:22:23.592Z"}
{"level":"info","message":"Constructor set. Here is baseurl - https://jsonplaceholder.typicode.com","timestamp":"2018-04-26T16:22:23.593Z"}
{"level":"debug","message":"In get posts","timestamp":"2018-04-26T16:22:23.593Z"}
{"level":"info","message":"Setting request","timestamp":"2018-04-26T16:22:23.593Z"}
{"level":"info","message":"Request set. Here is request object:[object Object]","timestamp":"2018-04-26T16:22:23.593Z"}
{"level":"info","message":"Response is:[object Object],[object Object],[object Object],[object Object],[object Object],[object Object],[object Object],[object Object],[object Object],[object Object],[object Object],[object Object],[object Object],[object Object],[object Object],[object Object],[object Object],[object Object],[object Object],[object Object],[object Object],[object Object],[object Object],[object Object],[object Object],[object Object],[object Object],[object Object],[object Object],[object Object],[object Object],[object Object],[object Object],[object Object],[object Object],[object Object],[object Object],[object Object],[object Object],[object Object],[object Object],[object Object],[object Object],[object Object],[object Object],[object Object],[object Object],[object Object],[object Object],[object Object],[object Object],[object Object],[object Object],[object Object],[object Object],[object Object],[object Object],[object Object],[object Object],[object Object],[object Object],[object Object],[object Object],[object Object],[object Object],[object Object],[object Object],[object Object],[object Object],[object Object],[object Object],[object Object],[object Object],[object Object],[object Object],[object Object],[object Object],[object Object],[object Object],[object Object],[object Object],[object Object],[object Object],[object Object],[object Object],[object Object],[object Object],[object Object],[object Object],[object Object],[object Object],[object Object],[object Object],[object Object],[object Object],[object Object],[object Object],[object Object],[object Object],[object Object]","timestamp":"2018-04-26T16:22:25.173Z"}
{"level":"info","message":"Id is:2","timestamp":"2018-04-26T16:22:25.208Z"}
{"level":"info","message":"Setting RestClient constructor","timestamp":"2018-04-26T16:22:25.210Z"}
{"level":"info","message":"Constructor set. Here is baseurl - https://jsonplaceholder.typicode.com","timestamp":"2018-04-26T16:22:25.210Z"}
{"level":"info","message":"Setting request","timestamp":"2018-04-26T16:22:25.210Z"}
{"level":"info","message":"Request set. Here is request object:[object Object]","timestamp":"2018-04-26T16:22:25.210Z"}
{"level":"info","message":"Response is:[object Object]","timestamp":"2018-04-26T16:22:26.710Z"}
{"level":"info","message":"Data file is: add_post_test.json","timestamp":"2018-04-26T16:22:26.732Z"}
{"level":"info","message":"Setting RestClient constructor","timestamp":"2018-04-26T16:22:26.732Z"}
{"level":"info","message":"Constructor set. Here is baseurl - https://jsonplaceholder.typicode.com","timestamp":"2018-04-26T16:22:26.733Z"}
{"level":"info","message":"JSON contents:{\"userId\":99,\"title\":\"sunt aut facere repellat provident occaecati excepturi optio reprehenderit\",\"body\":\"quia et suscipit\\nsuscipit recusandae consequuntur expedita et cum\\nreprehenderit molestiae ut ut quas totam\\nnostrum rerum est autem sunt rem eveniet architecto\"}","timestamp":"2018-04-26T16:22:26.734Z"}
{"level":"info","message":"Setting request","timestamp":"2018-04-26T16:22:26.735Z"}
{"level":"info","message":"Request set. Here is request object:[object Object]","timestamp":"2018-04-26T16:22:26.735Z"}
{"level":"info","message":"Response is:{\"userId\":99,\"title\":\"sunt aut facere repellat provident occaecati excepturi optio reprehenderit\",\"body\":\"quia et suscipit\\nsuscipit recusandae consequuntur expedita et cum\\nreprehenderit molestiae ut ut quas totam\\nnostrum rerum est autem sunt rem eveniet architecto\",\"id\":101}","timestamp":"2018-04-26T16:22:29.123Z"}
{"desiredCapabilities":{"browserName":"chrome"},"waitforTimeout":30000,"level":"info","message":"","timestamp":"2018-04-27T08:22:34.445Z"}
{"level":"debug","message":"Page loaded:","timestamp":"2018-04-27T08:22:48.558Z"}
{"level":"debug","message":"Amazon.in","timestamp":"2018-04-27T08:22:48.745Z"}
{"desiredCapabilities":{"browserName":"chrome"},"waitforTimeout":30000,"level":"info","message":"","timestamp":"2018-04-27T08:22:48.873Z"}
{"level":"debug","message":"Page loaded:","timestamp":"2018-04-27T08:23:01.287Z"}
{"StackTrace":"Error: An element could not be located on the page using the given search parameters (\"h3.r a\").\n    at getText() - D:\\TCOE\\TCOE_Practice\\TCoE-Automation-Workspace\\Agnes\\ui_page_objects\\googlehome.page.js:61:34","level":"error","message":"Failed due to Error: An element could not be located on the page using the given search parameters (\"h3.r a\").","timestamp":"2018-04-27T08:23:01.374Z"}
